<?xml version="1.0" encoding="UTF-8"?>
<!-- Generated by org.testng.reporters.JUnitXMLReporter -->
<testsuite ignored="0" hostname="ip-172-31-227-20" failures="0" tests="3" name="Default test" time="4.044" errors="0" timestamp="2022-01-02T04:19:42 UTC">
  <testcase classname="tests.ProductTest" name="verifyAddProduct" time="1.693"/>
  <testcase classname="tests.ProductTest" name="verifyAddProductAsObjectPayLoad" time="0.451"/>
  <testcase classname="tests.ProductTest" name="verifyGetRequest" time="0.322"/>
</testsuite> <!-- Default test -->
